"Signed transaction with txID: LPW7UYJUE5WDXM6FZUARIZIIBIUYVYHMHZOEBX4VLWEM2X5IQEFA\nCreated new app-id: 41":
    application-index: 41
    confirmed-round: 132743
    global-state-delta:
        - key: Y291bnRlcg==
          value:
              action: 2
    pool-error: ""
    txn:
        sig:
            - 226
            - 102
            - 91
            - 44
            - 127
            - 132
            - 47
            - 250
            - 188
            - 94
            - 188
            - 65
            - 101
            - 226
            - 129
            - 34
            - 105
            - 48
            - 92
            - 130
            - 149
            - 214
            - 46
            - 106
            - 168
            - 222
            - 215
            - 26
            - 208
            - 135
            - 138
            - 171
            - 252
            - 228
            - 136
            - 70
            - 166
            - 199
            - 237
            - 144
            - 76
            - 176
            - 209
            - 72
            - 32
            - 77
            - 238
            - 179
            - 30
            - 232
            - 195
            - 41
            - 29
            - 212
            - 77
            - 148
            - 99
            - 38
            - 75
            - 70
            - 150
            - 120
            - 15
            - 15
        txn:
            apap:
                - 2
                - 32
                - 3
                - 0
                - 1
                - 3
                - 38
                - 1
                - 7
                - 99
                - 111
                - 117
                - 110
                - 116
                - 101
                - 114
                - 49
                - 24
                - 34
                - 18
                - 64
                - 0
                - 22
                - 49
                - 25
                - 34
                - 18
                - 64
                - 0
                - 7
                - 35
                - 64
                - 0
                - 1
                - 0
                - 35
                - 67
                - 40
                - 40
                - 100
                - 36
                - 8
                - 103
                - 35
                - 67
                - 40
                - 34
                - 103
                - 35
                - 67
            apgs:
                nbs: 1
                nui: 1
            apls:
                nbs: 1
                nui: 1
            apsu:
                - 2
                - 32
                - 1
                - 1
                - 34
                - 67
            fee: 301000
            fv: 132741
            gen: sandnet-v1
            gh:
                - 193
                - 7
                - 200
                - 5
                - 59
                - 252
                - 75
                - 241
                - 70
                - 34
                - 55
                - 119
                - 241
                - 123
                - 231
                - 25
                - 45
                - 250
                - 201
                - 144
                - 147
                - 14
                - 101
                - 160
                - 46
                - 69
                - 130
                - 227
                - 139
                - 237
                - 1
                - 133
            lv: 133741
            snd:
                - 32
                - 238
                - 110
                - 24
                - 193
                - 33
                - 202
                - 182
                - 223
                - 192
                - 249
                - 77
                - 61
                - 151
                - 217
                - 220
                - 224
                - 100
                - 83
                - 214
                - 173
                - 82
                - 215
                - 92
                - 216
                - 93
                - 91
                - 53
                - 216
                - 110
                - 17
                - 18
            type: appl
